{"/home/leonardo/projects/personal/learning-test/React-unit-testing/src/App.tsx": {"path":"/home/leonardo/projects/personal/learning-test/React-unit-testing/src/App.tsx","all":false,"statementMap":{"0":{"start":{"line":1,"column":0},"end":{"line":1,"column":40}},"1":{"start":{"line":2,"column":0},"end":{"line":2,"column":0}},"2":{"start":{"line":3,"column":0},"end":{"line":3,"column":0}},"3":{"start":{"line":4,"column":0},"end":{"line":4,"column":29}},"4":{"start":{"line":5,"column":0},"end":{"line":5,"column":73}},"5":{"start":{"line":6,"column":0},"end":{"line":6,"column":52}},"6":{"start":{"line":7,"column":0},"end":{"line":7,"column":0}},"7":{"start":{"line":8,"column":0},"end":{"line":8,"column":27}},"8":{"start":{"line":9,"column":0},"end":{"line":9,"column":49}},"9":{"start":{"line":10,"column":0},"end":{"line":10,"column":3}},"10":{"start":{"line":11,"column":0},"end":{"line":11,"column":0}},"11":{"start":{"line":12,"column":0},"end":{"line":12,"column":44}},"12":{"start":{"line":13,"column":0},"end":{"line":13,"column":73}},"13":{"start":{"line":14,"column":0},"end":{"line":14,"column":3}},"14":{"start":{"line":15,"column":0},"end":{"line":15,"column":0}},"15":{"start":{"line":16,"column":0},"end":{"line":16,"column":10}},"16":{"start":{"line":17,"column":0},"end":{"line":17,"column":6}},"17":{"start":{"line":18,"column":0},"end":{"line":18,"column":12}},"18":{"start":{"line":19,"column":0},"end":{"line":19,"column":19}},"19":{"start":{"line":20,"column":0},"end":{"line":20,"column":36}},"20":{"start":{"line":21,"column":0},"end":{"line":21,"column":23}},"21":{"start":{"line":22,"column":0},"end":{"line":22,"column":50}},"22":{"start":{"line":23,"column":0},"end":{"line":23,"column":8}},"23":{"start":{"line":24,"column":0},"end":{"line":24,"column":13}},"24":{"start":{"line":25,"column":0},"end":{"line":25,"column":27}},"25":{"start":{"line":26,"column":0},"end":{"line":26,"column":7}},"26":{"start":{"line":27,"column":0},"end":{"line":27,"column":13}},"27":{"start":{"line":28,"column":0},"end":{"line":28,"column":15}},"28":{"start":{"line":29,"column":0},"end":{"line":29,"column":10}},"29":{"start":{"line":30,"column":0},"end":{"line":30,"column":36}},"30":{"start":{"line":31,"column":0},"end":{"line":31,"column":26}},"31":{"start":{"line":32,"column":0},"end":{"line":32,"column":18}},"32":{"start":{"line":33,"column":0},"end":{"line":33,"column":72}},"33":{"start":{"line":34,"column":0},"end":{"line":34,"column":15}},"34":{"start":{"line":35,"column":0},"end":{"line":35,"column":11}},"35":{"start":{"line":36,"column":0},"end":{"line":36,"column":11}},"36":{"start":{"line":37,"column":0},"end":{"line":37,"column":7}},"37":{"start":{"line":38,"column":0},"end":{"line":38,"column":4}},"38":{"start":{"line":39,"column":0},"end":{"line":39,"column":1}},"39":{"start":{"line":40,"column":0},"end":{"line":40,"column":0}},"40":{"start":{"line":41,"column":0},"end":{"line":41,"column":19}}},"s":{"0":1,"1":1,"2":1,"3":1,"4":12,"5":12,"6":12,"7":12,"8":1,"9":1,"10":12,"11":12,"12":1,"13":1,"14":12,"15":12,"16":12,"17":12,"18":12,"19":12,"20":12,"21":12,"22":12,"23":12,"24":12,"25":12,"26":12,"27":12,"28":12,"29":12,"30":36,"31":12,"32":12,"33":12,"34":12,"35":12,"36":12,"37":12,"38":12,"39":1,"40":1},"branchMap":{"0":{"type":"branch","line":41,"loc":{"start":{"line":41,"column":0},"end":{"line":41,"column":15}},"locations":[{"start":{"line":41,"column":0},"end":{"line":41,"column":15}}]},"1":{"type":"branch","line":4,"loc":{"start":{"line":4,"column":22},"end":{"line":39,"column":1}},"locations":[{"start":{"line":4,"column":22},"end":{"line":39,"column":1}}]},"2":{"type":"branch","line":8,"loc":{"start":{"line":8,"column":20},"end":{"line":10,"column":3}},"locations":[{"start":{"line":8,"column":20},"end":{"line":10,"column":3}}]},"3":{"type":"branch","line":9,"loc":{"start":{"line":9,"column":12},"end":{"line":9,"column":49}},"locations":[{"start":{"line":9,"column":12},"end":{"line":9,"column":49}}]},"4":{"type":"branch","line":12,"loc":{"start":{"line":12,"column":25},"end":{"line":14,"column":3}},"locations":[{"start":{"line":12,"column":25},"end":{"line":14,"column":3}}]},"5":{"type":"branch","line":13,"loc":{"start":{"line":13,"column":12},"end":{"line":13,"column":73}},"locations":[{"start":{"line":13,"column":12},"end":{"line":13,"column":73}}]},"6":{"type":"branch","line":13,"loc":{"start":{"line":13,"column":42},"end":{"line":13,"column":73}},"locations":[{"start":{"line":13,"column":42},"end":{"line":13,"column":73}}]},"7":{"type":"branch","line":22,"loc":{"start":{"line":22,"column":18},"end":{"line":22,"column":50}},"locations":[{"start":{"line":22,"column":18},"end":{"line":22,"column":50}}]},"8":{"type":"branch","line":30,"loc":{"start":{"line":30,"column":18},"end":{"line":31,"column":26}},"locations":[{"start":{"line":30,"column":18},"end":{"line":31,"column":26}}]},"9":{"type":"branch","line":33,"loc":{"start":{"line":33,"column":29},"end":{"line":33,"column":57}},"locations":[{"start":{"line":33,"column":29},"end":{"line":33,"column":57}}]}},"b":{"0":[3],"1":[12],"2":[1],"3":[1],"4":[1],"5":[1],"6":[3],"7":[7],"8":[36],"9":[1]},"fnMap":{"0":{"name":"get","decl":{"start":{"line":41,"column":0},"end":{"line":41,"column":15}},"loc":{"start":{"line":41,"column":0},"end":{"line":41,"column":15}},"line":41},"1":{"name":"App","decl":{"start":{"line":4,"column":22},"end":{"line":39,"column":1}},"loc":{"start":{"line":4,"column":22},"end":{"line":39,"column":1}},"line":4},"2":{"name":"addToList","decl":{"start":{"line":8,"column":20},"end":{"line":10,"column":3}},"loc":{"start":{"line":8,"column":20},"end":{"line":10,"column":3}},"line":8},"3":{"name":"removeFromList","decl":{"start":{"line":12,"column":25},"end":{"line":14,"column":3}},"loc":{"start":{"line":12,"column":25},"end":{"line":14,"column":3}},"line":12},"4":{"name":"onChange","decl":{"start":{"line":22,"column":18},"end":{"line":22,"column":50}},"loc":{"start":{"line":22,"column":18},"end":{"line":22,"column":50}},"line":22},"5":{"name":"onClick","decl":{"start":{"line":33,"column":29},"end":{"line":33,"column":57}},"loc":{"start":{"line":33,"column":29},"end":{"line":33,"column":57}},"line":33}},"f":{"0":3,"1":12,"2":1,"3":1,"4":7,"5":1}}
}
