TN:
SF:src/App.tsx
FN:41,get
FN:4,App
FN:8,addToList
FN:12,removeFromList
FN:22,onChange
FN:33,onClick
FNF:6
FNH:6
FNDA:3,get
FNDA:12,App
FNDA:1,addToList
FNDA:1,removeFromList
FNDA:7,onChange
FNDA:1,onClick
DA:1,1
DA:2,1
DA:3,1
DA:4,1
DA:5,12
DA:6,12
DA:7,12
DA:8,12
DA:9,1
DA:10,1
DA:11,12
DA:12,12
DA:13,1
DA:14,1
DA:15,12
DA:16,12
DA:17,12
DA:18,12
DA:19,12
DA:20,12
DA:21,12
DA:22,12
DA:23,12
DA:24,12
DA:25,12
DA:26,12
DA:27,12
DA:28,12
DA:29,12
DA:30,12
DA:31,36
DA:32,12
DA:33,12
DA:34,12
DA:35,12
DA:36,12
DA:37,12
DA:38,12
DA:39,12
DA:40,1
DA:41,1
LF:41
LH:41
BRDA:41,0,0,3
BRDA:4,1,0,12
BRDA:8,2,0,1
BRDA:9,3,0,1
BRDA:12,4,0,1
BRDA:13,5,0,1
BRDA:13,6,0,3
BRDA:22,7,0,7
BRDA:30,8,0,36
BRDA:33,9,0,1
BRF:10
BRH:10
end_of_record
